
> developer-portfolio@0.1.0 start
> set "NODE_OPTIONS=--openssl-legacy-provider" && react-scripts start

[34mi[39m [90m｢wds｣[39m: Project is running at http://192.168.0.129/
[34mi[39m [90m｢wds｣[39m: webpack output is served from 
[34mi[39m [90m｢wds｣[39m: Content not from webpack is served from C:\Users\DELL\OneDrive\Desktop\My Portfolio\developer-portfolio\public
[34mi[39m [90m｢wds｣[39m: 404s will fallback to /
Starting the development server...

Browserslist: caniuse-lite is outdated. Please run:
  npx browserslist@latest --update-db
  Why you should do it regularly: https://github.com/browserslist/browserslist#browsers-data-updating
Compiled successfully!

You can now view developer-portfolio in the browser.

  Local:            http://localhost:3000
  On Your Network:  http://192.168.0.129:3000

Note that the development build is not optimized.
To create a production build, use yarn build.

Compiling...
Compiled successfully!
Compiling...
Compiled successfully!
